<?xml version="1.0" encoding="UTF-8"?>
<!-- Generated by org.testng.reporters.JUnitXMLReporter -->
<testsuite ignored="0" hostname="PranavChalse" failures="2" tests="6" name="Test" time="0.076" errors="0" timestamp="2022-11-25T21:44:40 IST">
  <testcase classname="listeners.Testing1" name="myTest2" time="0.015">
    <failure type="java.lang.AssertionError" message="null">
      <![CDATA[java.lang.AssertionError: null
at listeners.Testing1.myTest2(Testing1.java:18)
at java.base/java.util.ArrayList.forEach(ArrayList.java:1541)
... Removed 29 stack frames]]>
    </failure>
  </testcase> <!-- myTest2 -->
  <testcase classname="listeners.Testing1" name="myTest1" time="0.001"/>
  <testcase classname="listeners.Testing1" name="myTest3" time="0.0">
    <skipped/>
  </testcase> <!-- myTest3 -->
  <testcase classname="listeners.Testing2" name="myTest4" time="0.001"/>
  <testcase classname="listeners.Testing2" name="myTest5" time="0.001">
    <failure type="java.lang.AssertionError" message="null">
      <![CDATA[java.lang.AssertionError: null
at listeners.Testing2.myTest5(Testing2.java:17)
at java.base/java.util.ArrayList.forEach(ArrayList.java:1541)
... Removed 29 stack frames]]>
    </failure>
  </testcase> <!-- myTest5 -->
  <testcase classname="listeners.Testing2" name="myTest6" time="0.0">
    <skipped/>
  </testcase> <!-- myTest6 -->
</testsuite> <!-- Test -->
